============================= test session starts ==============================
platform darwin -- Python 3.14.2, pytest-9.0.2, pluggy-1.6.0 -- /Users/jiangwei/Documents/final/venv/bin/python
cachedir: .pytest_cache
rootdir: /Users/jiangwei/Documents/final
configfile: pytest.ini
plugins: cov-7.1.0, asyncio-1.3.0
asyncio: mode=Mode.AUTO, debug=False, asyncio_default_fixture_loop_scope=None, asyncio_default_test_loop_scope=function
collecting ... collected 26 items

tests/e2e/test_api_backtest.py::TestBacktestBasicExecution::test_backtest_returns_200 PASSED [  3%]
tests/e2e/test_api_backtest.py::TestBacktestBasicExecution::test_backtest_returns_valid_structure SKIPPEDd define `Dict`, then call
`SignalStats.model_rebuild()`.

For further information visit
https://errors.pydantic.dev/2.12/u/class-not-fully-defined)              [  7%]
tests/e2e/test_api_backtest.py::TestBacktestBasicExecution::test_backtest_fetches_klines PASSED [ 11%]
tests/e2e/test_api_backtest.py::TestBacktestExtremeParams::test_backtest_with_low_wick_ratio SKIPPEDd define `Dict`, then call
`SignalStats.model_rebuild()`.

For further information visit
https://errors.pydantic.dev/2.12/u/class-not-fully-defined)              [ 15%]
tests/e2e/test_api_backtest.py::TestBacktestExtremeParams::test_backtest_with_strict_params SKIPPEDd define `Dict`, then call
`SignalStats.model_rebuild()`.

For further information visit
https://errors.pydantic.dev/2.12/u/class-not-fully-defined)              [ 19%]
tests/e2e/test_api_backtest.py::TestSandboxIsolation::test_backtest_does_not_pollute_global_config PASSED [ 23%]
tests/e2e/test_api_backtest.py::TestSandboxIsolation::test_backtest_then_get_config_returns_original PASSED [ 26%]
tests/e2e/test_api_backtest.py::TestSandboxIsolation::test_multiple_backtests_do_not_accumulate PASSED [ 30%]
tests/e2e/test_api_backtest.py::TestSandboxIsolation::test_backtest_risk_params_not_polluted PASSED [ 34%]
tests/e2e/test_api_backtest.py::TestBacktestReportContent::test_signal_stats_structure SKIPPEDd define `Dict`, then call
`SignalStats.model_rebuild()`.

For further information visit
https://errors.pydantic.dev/2.12/u/class-not-fully-defined)              [ 38%]
tests/e2e/test_api_backtest.py::TestBacktestReportContent::test_attempts_structure SKIPPEDd define `Dict`, then call
`SignalStats.model_rebuild()`.

For further information visit
https://errors.pydantic.dev/2.12/u/class-not-fully-defined)              [ 42%]
tests/e2e/test_api_config.py::TestPydanticValidation::test_invalid_max_leverage_negative PASSED [ 46%]
tests/e2e/test_api_config.py::TestPydanticValidation::test_invalid_max_leverage_exceeds_limit PASSED [ 50%]
tests/e2e/test_api_config.py::TestPydanticValidation::test_invalid_max_loss_percent_negative PASSED [ 53%]
tests/e2e/test_api_config.py::TestPydanticValidation::test_invalid_max_loss_percent_too_high PASSED [ 57%]
tests/e2e/test_api_config.py::TestPydanticValidation::test_invalid_notification_channel_type PASSED [ 61%]
tests/e2e/test_api_config.py::TestPydanticValidation::test_invalid_timeframes_empty PASSED [ 65%]
tests/e2e/test_api_config.py::TestSecretMasking::test_api_key_masked_in_config_response PASSED [ 69%]
tests/e2e/test_api_config.py::TestSecretMasking::test_api_secret_masked_in_config_response PASSED [ 73%]
tests/e2e/test_api_config.py::TestSecretMasking::test_webhook_url_masked_in_config_response PASSED [ 76%]
tests/e2e/test_api_config.py::TestAtomicHotReload::test_valid_config_update_returns_200 PASSED [ 80%]
tests/e2e/test_api_config.py::TestAtomicHotReload::test_config_update_persists_to_user_yaml PASSED [ 84%]
tests/e2e/test_api_config.py::TestAtomicHotReload::test_memory_updated_after_hot_reload PASSED [ 88%]
tests/e2e/test_api_config.py::TestAtomicHotReload::test_partial_update_works PASSED [ 92%]
tests/e2e/test_api_config.py::TestAtomicHotReload::test_update_notification_channels PASSED [ 96%]
tests/e2e/test_api_config.py::TestMemoryIsolation::test_unrelated_fields_unchanged_after_update PASSED [100%]

=============================== warnings summary ===============================
venv/lib/python3.14/site-packages/requests/__init__.py:86
  /Users/jiangwei/Documents/final/venv/lib/python3.14/site-packages/requests/__init__.py:86: RequestsDependencyWarning: Unable to find acceptable character detection dependency (chardet or charset_normalizer).
    warnings.warn(

tests/e2e/test_api_config.py::TestPydanticValidation::test_invalid_max_leverage_negative
tests/e2e/test_api_config.py::TestPydanticValidation::test_invalid_max_leverage_exceeds_limit
tests/e2e/test_api_config.py::TestPydanticValidation::test_invalid_max_loss_percent_negative
tests/e2e/test_api_config.py::TestPydanticValidation::test_invalid_max_loss_percent_too_high
tests/e2e/test_api_config.py::TestPydanticValidation::test_invalid_notification_channel_type
tests/e2e/test_api_config.py::TestPydanticValidation::test_invalid_timeframes_empty
  /Users/jiangwei/Documents/final/venv/lib/python3.14/site-packages/fastapi/routing.py:324: DeprecationWarning: 'HTTP_422_UNPROCESSABLE_ENTITY' is deprecated. Use 'HTTP_422_UNPROCESSABLE_CONTENT' instead.
    return await dependant.call(**values)

-- Docs: https://docs.pytest.org/en/stable/how-to/capture-warnings.html
================== 21 passed, 5 skipped, 7 warnings in 0.99s ===================
